<?xml version="1.0" encoding="UTF-8"?>
<testsuite name="BlockchainTest" tests="1" skipped="0" failures="0" errors="0" timestamp="2019-10-12T22:06:18" hostname="alex-pc" time="0.021">
  <properties/>
  <testcase name="Genesis block is created correctly" classname="BlockchainTest" time="0.021"/>
  <system-out><![CDATA[]]></system-out>
  <system-err><![CDATA[]]></system-err>
</testsuite>
